<?xml version="1.0" encoding="UTF-8"?>
<!-- Generated by org.testng.reporters.JUnitReportReporter -->
<testsuite hostname="HP" failures="0" tests="6" name="testcases.LoginFunctionalTestCases" time="7.960" errors="0" timestamp="2023-04-09T20:43:32 IST" skipped="0">
  <testcase classname="testcases.LoginFunctionalTestCases" name="VerifyInvalidUser" time="1.837"/>
  <system-out/>
  <testcase classname="testcases.LoginFunctionalTestCases" name="VerifyInvalidUser" time="1.754"/>
  <system-out/>
  <testcase classname="testcases.LoginFunctionalTestCases" name="VerifyInvalidUser" time="1.272"/>
  <system-out/>
  <testcase classname="testcases.LoginFunctionalTestCases" name="VerifyInvalidUser" time="0.910"/>
  <system-out/>
  <testcase classname="testcases.LoginFunctionalTestCases" name="VerifyInvalidUser" time="1.059"/>
  <system-out/>
  <testcase classname="testcases.LoginFunctionalTestCases" name="VerifyInvalidUser" time="1.128"/>
  <system-out/>
</testsuite> <!-- testcases.LoginFunctionalTestCases -->
