<?xml version="1.0" encoding="UTF-8"?>
<!-- Generated by org.testng.reporters.JUnitReportReporter -->
<testsuite hostname="LAPTOP-KJ2IMOL1" failures="0" tests="1" name="testcases.BlogTest" time="6.026" errors="0" timestamp="2023-04-05T23:20:29 IST" skipped="0">
  <testcase classname="testcases.BlogTest" name="verifyBlog" time="6.026"/>
  <system-out/>
</testsuite> <!-- testcases.BlogTest -->
