<?xml version="1.0" encoding="UTF-8"?>
<!-- Generated by org.testng.reporters.JUnitReportReporter -->
<testsuite hostname="HP" failures="0" tests="4" name="testcases.HomePageTestcase" time="22.613" errors="0" timestamp="2023-04-09T20:43:32 IST" skipped="0">
  <testcase classname="testcases.HomePageTestcase" name="verifyDashBoradUI" time="12.163"/>
  <system-out/>
  <testcase classname="testcases.HomePageTestcase" name="verifyordertotalDashBoradUI" time="3.646"/>
  <system-out/>
  <testcase classname="testcases.HomePageTestcase" name="verifynewsDashBoradUI" time="3.125"/>
  <system-out/>
  <testcase classname="testcases.HomePageTestcase" name="verifycommonstatDashBoradUI" time="3.679"/>
  <system-out/>
</testsuite> <!-- testcases.HomePageTestcase -->
